2025-06-12 15:25:25,393 - INFO - Checking status of AWS instances...
2025-06-12 15:25:26,864 - INFO - Listed 6 AWS EC2 instances.
2025-06-12 15:25:26,864 - INFO - Status check complete: 6 AWS instances found.
2025-06-12 15:26:47,186 - INFO - Checking status of Azure VMs...
2025-06-12 15:26:51,290 - INFO - Listed 1 Azure VMs.
2025-06-12 15:26:51,291 - INFO - Status check complete: 1 Azure VMs found.
2025-06-12 15:27:34,711 - INFO - Listed 6 AWS EC2 instances.
2025-06-12 15:28:12,357 - INFO - Listed 1 Azure VMs.
2025-06-12 15:37:53,194 - INFO - Checking status and reachability of AWS instances...
2025-06-12 15:37:54,546 - INFO - Listed 6 AWS EC2 instances.
2025-06-12 15:38:08,469 - INFO - Checking status and reachability of Azure VMs...
2025-06-12 15:38:12,806 - INFO - Listed 1 Azure VMs.
2025-06-12 15:40:56,487 - INFO - Checking status and reachability of AWS instances...
2025-06-12 15:40:57,676 - INFO - Listed 6 AWS EC2 instances.
2025-06-12 15:42:34,723 - INFO - Checking status and reachability of AWS instances...
2025-06-12 15:42:36,037 - INFO - Listed 7 AWS EC2 instances.
2025-06-12 15:43:25,705 - INFO - Checking status and reachability of Azure VMs...
2025-06-12 15:43:30,153 - INFO - Listed 1 Azure VMs.
2025-06-12 15:44:08,491 - INFO - Checking status and reachability of AWS instances...
2025-06-12 15:44:09,484 - INFO - Listed 7 AWS EC2 instances.
2025-06-12 15:52:55,564 - INFO - Checking status and reachability of AWS instances...
2025-06-12 15:52:58,760 - INFO - Listed 7 AWS EC2 instances.
2025-06-12 15:53:56,396 - INFO - Request to delete AWS EC2 instance: node_id=i-021097a087fe269eb, region=us-east-1
2025-06-12 15:53:58,349 - INFO - AWS EC2 instance deleted: id=i-021097a087fe269eb, result=True
2025-06-12 16:22:09,425 - INFO - Fetching CPU usage for AWS instance: i-0482d70e1c702624f
2025-06-12 16:22:41,222 - INFO - Fetching CPU usage for AWS instance: i-0482d70e1c702624f
2025-06-12 16:23:52,404 - INFO - Fetching CPU usage for AWS instance: i-0482d70e1c702624f
2025-06-12 16:24:03,903 - INFO - Fetching CPU usage for AWS instance: i-0482d70e1c702624f
2025-06-12 16:28:52,734 - INFO - Fetching CPU usage for AWS instance: i-0482d70e1c702624f
2025-06-12 16:33:27,792 - INFO - Checking status and reachability of Azure VMs...
2025-06-12 16:33:32,103 - INFO - Listed 1 Azure VMs.
2025-06-12 16:44:27,887 - INFO - Fetching Azure CPU usage for resource: /subscriptions/<subscription_id>/resourceGroups/<resource_group>/providers/Microsoft.Compute/virtualMachines/<vm_name>
2025-06-12 16:46:15,700 - INFO - Fetching Azure CPU usage for resource: /subscriptions/<subscription_id>/resourceGroups/<resource_group>/providers/Microsoft.Compute/virtualMachines/<vm_name>
2025-06-12 16:46:57,478 - INFO - Fetching Azure CPU usage for resource: /subscriptions/a6bd69c1-f4b9-498e-970f-008dcc1d677f/resourceGroups/TH-Machine_group/providers/Microsoft.Compute/virtualMachines/TH-Machine
2025-06-12 16:47:21,846 - INFO - Fetching Azure CPU usage for resource: /subscriptions/a6bd69c1-f4b9-498e-970f-008dcc1d677f/resourceGroups/TH-Machine_group/providers/Microsoft.Compute/virtualMachines/TH-Machine
2025-06-12 16:57:16,993 - INFO - Fetching Azure CPU usage for resource: /subscriptions/a6bd69c1-f4b9-498e-970f-008dcc1d677f/resourceGroups/TH-Machine_group/providers/Microsoft.Compute/virtualMachines/TH-Machine
